Performing C SOURCE FILE Test CMAKE_HAVE_LIBC_PTHREAD failed with the following output:
Change Dir: /home/skywoodsz/tuitor_ws/ceres/cmake-build-debug/CMakeFiles/CMakeTmp

Run Build Command(s):/home/skywoodsz/tools/clion-2021.3/bin/ninja/linux/ninja cmTC_93598 && [1/2] Building C object CMakeFiles/cmTC_93598.dir/src.c.o
[2/2] Linking C executable cmTC_93598
FAILED: cmTC_93598 
: && /usr/bin/cc   CMakeFiles/cmTC_93598.dir/src.c.o -o cmTC_93598   && :
CMakeFiles/cmTC_93598.dir/src.c.o：在函数‘main’中：
src.c:(.text+0x3c)：对‘pthread_create’未定义的引用
src.c:(.text+0x48)：对‘pthread_detach’未定义的引用
src.c:(.text+0x54)：对‘pthread_cancel’未定义的引用
src.c:(.text+0x65)：对‘pthread_join’未定义的引用
src.c:(.text+0x79)：对‘pthread_atfork’未定义的引用
collect2: error: ld returned 1 exit status
ninja: build stopped: subcommand failed.


Source file was:
#include <pthread.h>

static void* test_func(void* data)
{
  return data;
}

int main(void)
{
  pthread_t thread;
  pthread_create(&thread, NULL, test_func, NULL);
  pthread_detach(thread);
  pthread_cancel(thread);
  pthread_join(thread, NULL);
  pthread_atfork(NULL, NULL, NULL);
  pthread_exit(NULL);

  return 0;
}

Determining if the function pthread_create exists in the pthreads failed with the following output:
Change Dir: /home/skywoodsz/tuitor_ws/ceres/cmake-build-debug/CMakeFiles/CMakeTmp

Run Build Command(s):/home/skywoodsz/tools/clion-2021.3/bin/ninja/linux/ninja cmTC_34962 && [1/2] Building C object CMakeFiles/cmTC_34962.dir/CheckFunctionExists.c.o
[2/2] Linking C executable cmTC_34962
FAILED: cmTC_34962 
: && /usr/bin/cc -DCHECK_FUNCTION_EXISTS=pthread_create  CMakeFiles/cmTC_34962.dir/CheckFunctionExists.c.o -o cmTC_34962  -lpthreads && :
/usr/bin/ld: 找不到 -lpthreads
collect2: error: ld returned 1 exit status
ninja: build stopped: subcommand failed.



